<?xml version="1.0" encoding="UTF-8"?>
<testng-results ignored="0" total="3" passed="3" failed="0" skipped="0">
  <reporter-output>
  </reporter-output>
  <suite started-at="2022-11-15T21:50:37 IST" name="Default suite" finished-at="2022-11-15T21:50:52 IST" duration-ms="14671">
    <groups>
    </groups>
    <test started-at="2022-11-15T21:50:37 IST" name="Default test" finished-at="2022-11-15T21:50:52 IST" duration-ms="14671">
      <class name="GGroupID1.ArtifactID1.TestLogin">
        <test-method signature="CheckLOgin()[pri:0, instance:GGroupID1.ArtifactID1.TestLogin@42a48628]" started-at="2022-11-15T21:50:37 IST" name="CheckLOgin" finished-at="2022-11-15T21:50:43 IST" duration-ms="5145" status="PASS">
          <reporter-output>
          </reporter-output>
        </test-method> <!-- CheckLOgin -->
        <test-method signature="ErrorMassage()[pri:0, instance:GGroupID1.ArtifactID1.TestLogin@42a48628]" started-at="2022-11-15T21:50:43 IST" name="ErrorMassage" finished-at="2022-11-15T21:50:46 IST" duration-ms="3926" status="PASS">
          <reporter-output>
          </reporter-output>
        </test-method> <!-- ErrorMassage -->
        <test-method signature="validateloginErrormassage()[pri:0, instance:GGroupID1.ArtifactID1.TestLogin@42a48628]" started-at="2022-11-15T21:50:46 IST" name="validateloginErrormassage" finished-at="2022-11-15T21:50:52 IST" duration-ms="5316" status="PASS">
          <reporter-output>
          </reporter-output>
        </test-method> <!-- validateloginErrormassage -->
        <test-method is-config="true" signature="closeBrowser()[pri:0, instance:GGroupID1.ArtifactID1.TestLogin@42a48628]" started-at="2022-11-15T21:50:52 IST" name="closeBrowser" finished-at="2022-11-15T21:50:52 IST" duration-ms="245" status="PASS">
          <reporter-output>
          </reporter-output>
        </test-method> <!-- closeBrowser -->
      </class> <!-- GGroupID1.ArtifactID1.TestLogin -->
    </test> <!-- Default test -->
  </suite> <!-- Default suite -->
</testng-results>
